<?xml version="1.0" encoding="UTF-8"?>
<testsuite name="is.ru.tictactoe.TicTacToeTest" tests="3" skipped="0" failures="0" errors="0" timestamp="2014-10-25T14:48:31" hostname="i-7965f214" time="0.008">
  <properties/>
  <testcase name="testEmptyString" classname="is.ru.tictactoe.TicTacToeTest" time="0.002"/>
  <testcase name="testHowManyRows" classname="is.ru.tictactoe.TicTacToeTest" time="0.0"/>
  <testcase name="testHowManyCol" classname="is.ru.tictactoe.TicTacToeTest" time="0.0"/>
  <system-out><![CDATA[]]></system-out>
  <system-err><![CDATA[]]></system-err>
</testsuite>
