<?xml version="1.0" encoding="UTF-8"?>
<testsuite name="is.ru.tictactoe.TicTacToeTest" tests="6" skipped="0" failures="0" errors="0" timestamp="2014-10-26T18:03:01" hostname="i-7965f214" time="0.011">
  <properties/>
  <testcase name="testIfRightSymbolInRightPlace" classname="is.ru.tictactoe.TicTacToeTest" time="0.003"/>
  <testcase name="testHasWonDiaganol1" classname="is.ru.tictactoe.TicTacToeTest" time="0.001"/>
  <testcase name="testEmptyString" classname="is.ru.tictactoe.TicTacToeTest" time="0.0"/>
  <testcase name="testHowManyRows" classname="is.ru.tictactoe.TicTacToeTest" time="0.0"/>
  <testcase name="testHowManyCol" classname="is.ru.tictactoe.TicTacToeTest" time="0.001"/>
  <testcase name="testIfRightSymbolInRightPlace2" classname="is.ru.tictactoe.TicTacToeTest" time="0.0"/>
  <system-out><![CDATA[]]></system-out>
  <system-err><![CDATA[]]></system-err>
</testsuite>
